<?xml version="1.0" encoding="UTF-8"?>
<testsuites name="jest tests" tests="61" failures="0" errors="0" time="4.584">
  <testsuite name="undefined" errors="0" failures="0" skipped="0" timestamp="2022-06-03T19:34:18" time="2.05" tests="1">
    <testcase classname=" should parse numbers in javascript" name=" should parse numbers in javascript" time="0.082">
    </testcase>
  </testsuite>
  <testsuite name="undefined" errors="0" failures="0" skipped="0" timestamp="2022-06-03T19:34:18" time="2.129" tests="1">
    <testcase classname=" renders with mocked data" name=" renders with mocked data" time="0.103">
    </testcase>
  </testsuite>
  <testsuite name="undefined" errors="0" failures="0" skipped="0" timestamp="2022-06-03T19:34:20" time="0.06" tests="45">
    <testcase classname=" measureToTime(2, -1, 4)" name=" measureToTime(2, -1, 4)" time="0.001">
    </testcase>
    <testcase classname=" measureToTime(2, 120, 4)" name=" measureToTime(2, 120, 4)" time="0">
    </testcase>
    <testcase classname=" measureToTime(1, 99, 4)" name=" measureToTime(1, 99, 4)" time="0">
    </testcase>
    <testcase classname=" measureToTime(3, 220, 4)" name=" measureToTime(3, 220, 4)" time="0">
    </testcase>
    <testcase classname=" measureToTime(9.25, 88, 4)" name=" measureToTime(9.25, 88, 4)" time="0">
    </testcase>
    <testcase classname=" measureToTime(10, 110, 3)" name=" measureToTime(10, 110, 3)" time="0">
    </testcase>
    <testcase classname=" timeToMeasureDelta(2, -1, 4)" name=" timeToMeasureDelta(2, -1, 4)" time="0">
    </testcase>
    <testcase classname=" timeToMeasureDelta(2, 120, 4)" name=" timeToMeasureDelta(2, 120, 4)" time="0">
    </testcase>
    <testcase classname=" timeToMeasureDelta(0, 99, 4)" name=" timeToMeasureDelta(0, 99, 4)" time="0">
    </testcase>
    <testcase classname=" timeToMeasureDelta(2.18181818, 220, 4)" name=" timeToMeasureDelta(2.18181818, 220, 4)" time="0">
    </testcase>
    <testcase classname=" timeToMeasureDelta(22.5, 88, 4)" name=" timeToMeasureDelta(22.5, 88, 4)" time="0.001">
    </testcase>
    <testcase classname=" timeToMeasureDelta(14.727272727, 110, 3)" name=" timeToMeasureDelta(14.727272727, 110, 3)" time="0">
    </testcase>
    <testcase classname=" parseLanguage(song.py)" name=" parseLanguage(song.py)" time="0.001">
    </testcase>
    <testcase classname=" parseLanguage(song.js)" name=" parseLanguage(song.js)" time="0">
    </testcase>
    <testcase classname=" parseName(test.abc)" name=" parseName(test.abc)" time="0">
    </testcase>
    <testcase classname=" parseName(test)" name=" parseName(test)" time="0.001">
    </testcase>
    <testcase classname=" parseName(test.test.abc)" name=" parseName(test.test.abc)" time="0">
    </testcase>
    <testcase classname=" parseExt(test.py)" name=" parseExt(test.py)" time="0">
    </testcase>
    <testcase classname=" parseExt()" name=" parseExt()" time="0.001">
    </testcase>
    <testcase classname=" parseExt(test1234)" name=" parseExt(test1234)" time="0">
    </testcase>
    <testcase classname=" parseExt(test.js)" name=" parseExt(test.js)" time="0">
    </testcase>
    <testcase classname=" parseDate(2019-04-22 16:14:28.0Zxx)" name=" parseDate(2019-04-22 16:14:28.0Zxx)" time="0.001">
    </testcase>
    <testcase classname=" parseDate(2022-03-04 14:14:14.6Zxx)" name=" parseDate(2022-03-04 14:14:14.6Zxx)" time="0">
    </testcase>
    <testcase classname=" parseDate(2022-03-04 14:14:14.9Zxx)" name=" parseDate(2022-03-04 14:14:14.9Zxx)" time="0.001">
    </testcase>
    <testcase classname=" parseDate(2000-05-26 01:01:01.1Zxx)" name=" parseDate(2000-05-26 01:01:01.1Zxx)" time="0">
    </testcase>
    <testcase classname=" truncate(1.23456, 0)" name=" truncate(1.23456, 0)" time="0">
    </testcase>
    <testcase classname=" truncate(1.23456, 1)" name=" truncate(1.23456, 1)" time="0">
    </testcase>
    <testcase classname=" truncate(1.23456, 3)" name=" truncate(1.23456, 3)" time="0.002">
    </testcase>
    <testcase classname=" truncate(1.23456, 5)" name=" truncate(1.23456, 5)" time="0">
    </testcase>
    <testcase classname=" truncate(-1.234, 3)" name=" truncate(-1.234, 3)" time="0">
    </testcase>
    <testcase classname=" truncate(1.23456, 100)" name=" truncate(1.23456, 100)" time="0">
    </testcase>
    <testcase classname=" truncate(12.345, -1)" name=" truncate(12.345, -1)" time="0">
    </testcase>
    <testcase classname=" toPrecision(0.123456789)" name=" toPrecision(0.123456789)" time="0.001">
    </testcase>
    <testcase classname=" toPrecision(0.123)" name=" toPrecision(0.123)" time="0">
    </testcase>
    <testcase classname=" toPrecision(0.123456789, 5)" name=" toPrecision(0.123456789, 5)" time="0">
    </testcase>
    <testcase classname=" toPrecision(0.123, 8)" name=" toPrecision(0.123, 8)" time="0.001">
    </testcase>
    <testcase classname=" compareObjStructure(empty objects)" name=" compareObjStructure(empty objects)" time="0">
    </testcase>
    <testcase classname=" compareObjStructure(identical objects)" name=" compareObjStructure(identical objects)" time="0">
    </testcase>
    <testcase classname=" compareObjStructure(dissimilar objects)" name=" compareObjStructure(dissimilar objects)" time="0.001">
    </testcase>
    <testcase classname=" compareObjStructure(same props diff values)" name=" compareObjStructure(same props diff values)" time="0">
    </testcase>
    <testcase classname=" compareObjStructure(nested objects)" name=" compareObjStructure(nested objects)" time="0">
    </testcase>
    <testcase classname=" compareObjStructure(dissimilar nested)" name=" compareObjStructure(dissimilar nested)" time="0.001">
    </testcase>
    <testcase classname=" checkIllegalCharacters(mocha)" name=" checkIllegalCharacters(mocha)" time="0.001">
    </testcase>
    <testcase classname=" checkIllegalCharacters(mocha!)" name=" checkIllegalCharacters(mocha!)" time="0">
    </testcase>
    <testcase classname=" checkIllegalCharacters(/{mocha?)" name=" checkIllegalCharacters(/{mocha?)" time="0">
    </testcase>
  </testsuite>
  <testsuite name="undefined" errors="0" failures="0" skipped="0" timestamp="2022-06-03T19:34:20" time="0.124" tests="11">
    <testcase classname=" chooseDetectedLanguage(undefined)" name=" chooseDetectedLanguage(undefined)" time="0">
    </testcase>
    <testcase classname=" chooseDetectedLanguage([&quot;en&quot;])" name=" chooseDetectedLanguage([&quot;en&quot;])" time="0.001">
    </testcase>
    <testcase classname=" chooseDetectedLanguage([&quot;en-US&quot;])" name=" chooseDetectedLanguage([&quot;en-US&quot;])" time="0">
    </testcase>
    <testcase classname=" chooseDetectedLanguage(en)" name=" chooseDetectedLanguage(en)" time="0">
    </testcase>
    <testcase classname=" chooseDetectedLanguage(ES)" name=" chooseDetectedLanguage(ES)" time="0">
    </testcase>
    <testcase classname=" chooseDetectedLanguage(en-US)" name=" chooseDetectedLanguage(en-US)" time="0.001">
    </testcase>
    <testcase classname=" chooseDetectedLanguage(z)" name=" chooseDetectedLanguage(z)" time="0">
    </testcase>
    <testcase classname=" chooseDetectedLanguage()" name=" chooseDetectedLanguage()" time="0">
    </testcase>
    <testcase classname=" chooseDetectedLanguage(es-MX)" name=" chooseDetectedLanguage(es-MX)" time="0">
    </testcase>
    <testcase classname=" chooseDetectedLanguage([&quot;z&quot;, &quot;x&quot;, &quot;es&quot;])" name=" chooseDetectedLanguage([&quot;z&quot;, &quot;x&quot;, &quot;es&quot;])" time="0">
    </testcase>
    <testcase classname=" chooseDetectedLanguage([&quot;z&quot;, &quot;x&quot;, &quot;es-MX&quot;])" name=" chooseDetectedLanguage([&quot;z&quot;, &quot;x&quot;, &quot;es-MX&quot;])" time="0.001">
    </testcase>
  </testsuite>
  <testsuite name="undefined" errors="0" failures="0" skipped="0" timestamp="2022-06-03T19:34:18" time="2.428" tests="1">
    <testcase classname=" renders with mocked data" name=" renders with mocked data" time="0.065">
    </testcase>
  </testsuite>
  <testsuite name="undefined" errors="0" failures="0" skipped="0" timestamp="2022-06-03T19:34:18" time="3.837" tests="2">
    <testcase classname=" renders with mocked data" name=" renders with mocked data" time="0.585">
    </testcase>
    <testcase classname=" shows and hides content browsers on tab change" name=" shows and hides content browsers on tab change" time="0.573">
    </testcase>
  </testsuite>
</testsuites>